# JRE version: Java(TM) SE Runtime Environment (8.0_144-b01) (build 1.8.0_144-b01)
# Java VM: Java HotSpot(TM) 64-Bit Server VM (25.144-b01 mixed mode linux-amd64 compressed oops)
Heap:
 def new generation   total 101120K, used 76907K [0x00000000e0000000, 0x00000000e6db0000, 0x00000000eaaa0000)
  eden space 89920K,  85% used [0x00000000e0000000, 0x00000000e4b1ae40, 0x00000000e57d0000)
  from space 11200K,   0% used [0x00000000e57d0000, 0x00000000e57d0000, 0x00000000e62c0000)
  to   space 11200K,   0% used [0x00000000e62c0000, 0x00000000e62c0000, 0x00000000e6db0000)
 tenured generation   total 224480K, used 134687K [0x00000000eaaa0000, 0x00000000f85d8000, 0x0000000100000000)
   the space 224480K,  59% used [0x00000000eaaa0000, 0x00000000f2e27f88, 0x00000000f2e28000, 0x00000000f85d8000)
 Metaspace       used 56154K, capacity 61628K, committed 61696K, reserved 1101824K
  class space    used 7803K, capacity 8652K, committed 8704K, reserved 1048576K
GC Heap History (10 events):
Event: 1304,710 GC heap before
{Heap before GC invocations=73 (full 6):
 def new generation   total 63680K, used 63296K [0x00000000e0000000, 0x00000000e4510000, 0x00000000eaaa0000)
  eden space 56640K, 100% used [0x00000000e0000000, 0x00000000e3750000, 0x00000000e3750000)
  from space 7040K,  94% used [0x00000000e3e30000, 0x00000000e44b00c8, 0x00000000e4510000)
  to   space 7040K,   0% used [0x00000000e3750000, 0x00000000e3750000, 0x00000000e3e30000)
 tenured generation   total 141208K, used 84724K [0x00000000eaaa0000, 0x00000000f3486000, 0x0000000100000000)
   the space 141208K,  59% used [0x00000000eaaa0000, 0x00000000efd5d2a0, 0x00000000efd5d400, 0x00000000f3486000)
 Metaspace       used 52962K, capacity 58408K, committed 58496K, reserved 1099776K
  class space    used 7412K, capacity 8260K, committed 8320K, reserved 1048576K
Event: 1304,749 GC heap after
Heap after GC invocations=74 (full 6):
 def new generation   total 63680K, used 7040K [0x00000000e0000000, 0x00000000e4510000, 0x00000000eaaa0000)
  eden space 56640K,   0% used [0x00000000e0000000, 0x00000000e0000000, 0x00000000e3750000)
  from space 7040K, 100% used [0x00000000e3750000, 0x00000000e3e30000, 0x00000000e3e30000)
  to   space 7040K,   0% used [0x00000000e3e30000, 0x00000000e3e30000, 0x00000000e4510000)
 tenured generation   total 141208K, used 95951K [0x00000000eaaa0000, 0x00000000f3486000, 0x0000000100000000)
   the space 141208K,  67% used [0x00000000eaaa0000, 0x00000000f0853d50, 0x00000000f0853e00, 0x00000000f3486000)
 Metaspace       used 52962K, capacity 58408K, committed 58496K, reserved 1099776K
  class space    used 7412K, capacity 8260K, committed 8320K, reserved 1048576K
}
Event: 1696,516 GC heap before
{Heap before GC invocations=74 (full 6):
 def new generation   total 63680K, used 63680K [0x00000000e0000000, 0x00000000e4510000, 0x00000000eaaa0000)
  eden space 56640K, 100% used [0x00000000e0000000, 0x00000000e3750000, 0x00000000e3750000)
  from space 7040K, 100% used [0x00000000e3750000, 0x00000000e3e30000, 0x00000000e3e30000)
  to   space 7040K,   0% used [0x00000000e3e30000, 0x00000000e3e30000, 0x00000000e4510000)
 tenured generation   total 141208K, used 95951K [0x00000000eaaa0000, 0x00000000f3486000, 0x0000000100000000)
   the space 141208K,  67% used [0x00000000eaaa0000, 0x00000000f0853d50, 0x00000000f0853e00, 0x00000000f3486000)
 Metaspace       used 52992K, capacity 58408K, committed 58496K, reserved 1099776K
  class space    used 7412K, capacity 8260K, committed 8320K, reserved 1048576K
Event: 1696,549 GC heap after
Heap after GC invocations=75 (full 6):
 def new generation   total 63680K, used 6431K [0x00000000e0000000, 0x00000000e4510000, 0x00000000eaaa0000)
  eden space 56640K,   0% used [0x00000000e0000000, 0x00000000e0000000, 0x00000000e3750000)
  from space 7040K,  91% used [0x00000000e3e30000, 0x00000000e4477c40, 0x00000000e4510000)
  to   space 7040K,   0% used [0x00000000e3750000, 0x00000000e3750000, 0x00000000e3e30000)
 tenured generation   total 141208K, used 102918K [0x00000000eaaa0000, 0x00000000f3486000, 0x0000000100000000)
   the space 141208K,  72% used [0x00000000eaaa0000, 0x00000000f0f21a78, 0x00000000f0f21c00, 0x00000000f3486000)
 Metaspace       used 52992K, capacity 58408K, committed 58496K, reserved 1099776K
  class space    used 7412K, capacity 8260K, committed 8320K, reserved 1048576K
}
Event: 2557,940 GC heap before
{Heap before GC invocations=75 (full 6):
 def new generation   total 63680K, used 63071K [0x00000000e0000000, 0x00000000e4510000, 0x00000000eaaa0000)
  eden space 56640K, 100% used [0x00000000e0000000, 0x00000000e3750000, 0x00000000e3750000)
  from space 7040K,  91% used [0x00000000e3e30000, 0x00000000e4477c40, 0x00000000e4510000)
  to   space 7040K,   0% used [0x00000000e3750000, 0x00000000e3750000, 0x00000000e3e30000)
 tenured generation   total 141208K, used 102918K [0x00000000eaaa0000, 0x00000000f3486000, 0x0000000100000000)
   the space 141208K,  72% used [0x00000000eaaa0000, 0x00000000f0f21a78, 0x00000000f0f21c00, 0x00000000f3486000)
 Metaspace       used 52992K, capacity 58408K, committed 58496K, reserved 1099776K
  class space    used 7412K, capacity 8260K, committed 8320K, reserved 1048576K
Event: 2557,950 GC heap after
Heap after GC invocations=76 (full 6):
 def new generation   total 63680K, used 9K [0x00000000e0000000, 0x00000000e4510000, 0x00000000eaaa0000)
  eden space 56640K,   0% used [0x00000000e0000000, 0x00000000e0000000, 0x00000000e3750000)
  from space 7040K,   0% used [0x00000000e3750000, 0x00000000e3752610, 0x00000000e3e30000)
  to   space 7040K,   0% used [0x00000000e3e30000, 0x00000000e3e30000, 0x00000000e4510000)
 tenured generation   total 141208K, used 108219K [0x00000000eaaa0000, 0x00000000f3486000, 0x0000000100000000)
   the space 141208K,  76% used [0x00000000eaaa0000, 0x00000000f144ef48, 0x00000000f144f000, 0x00000000f3486000)
 Metaspace       used 52992K, capacity 58408K, committed 58496K, reserved 1099776K
  class space    used 7412K, capacity 8260K, committed 8320K, reserved 1048576K
}
Event: 2748,337 GC heap before
{Heap before GC invocations=76 (full 6):
 def new generation   total 63680K, used 56649K [0x00000000e0000000, 0x00000000e4510000, 0x00000000eaaa0000)
  eden space 56640K, 100% used [0x00000000e0000000, 0x00000000e3750000, 0x00000000e3750000)
  from space 7040K,   0% used [0x00000000e3750000, 0x00000000e3752610, 0x00000000e3e30000)
  to   space 7040K,   0% used [0x00000000e3e30000, 0x00000000e3e30000, 0x00000000e4510000)
 tenured generation   total 141208K, used 108219K [0x00000000eaaa0000, 0x00000000f3486000, 0x0000000100000000)
   the space 141208K,  76% used [0x00000000eaaa0000, 0x00000000f144ef48, 0x00000000f144f000, 0x00000000f3486000)
 Metaspace       used 55930K, capacity 61384K, committed 61696K, reserved 1101824K
  class space    used 7793K, capacity 8644K, committed 8704K, reserved 1048576K
Event: 2748,372 GC heap after
Heap after GC invocations=77 (full 6):
 def new generation   total 63680K, used 7040K [0x00000000e0000000, 0x00000000e4510000, 0x00000000eaaa0000)
  eden space 56640K,   0% used [0x00000000e0000000, 0x00000000e0000000, 0x00000000e3750000)
  from space 7040K, 100% used [0x00000000e3e30000, 0x00000000e4510000, 0x00000000e4510000)
  to   space 7040K,   0% used [0x00000000e3750000, 0x00000000e3750000, 0x00000000e3e30000)
 tenured generation   total 141208K, used 113804K [0x00000000eaaa0000, 0x00000000f3486000, 0x0000000100000000)
   the space 141208K,  80% used [0x00000000eaaa0000, 0x00000000f19c3360, 0x00000000f19c3400, 0x00000000f3486000)
 Metaspace       used 55930K, capacity 61384K, committed 61696K, reserved 1101824K
  class space    used 7793K, capacity 8644K, committed 8704K, reserved 1048576K
}
Event: 2752,997 GC heap before
{Heap before GC invocations=77 (full 6):
 def new generation   total 63680K, used 63637K [0x00000000e0000000, 0x00000000e4510000, 0x00000000eaaa0000)
  eden space 56640K,  99% used [0x00000000e0000000, 0x00000000e3745660, 0x00000000e3750000)
  from space 7040K, 100% used [0x00000000e3e30000, 0x00000000e4510000, 0x00000000e4510000)
  to   space 7040K,   0% used [0x00000000e3750000, 0x00000000e3750000, 0x00000000e3e30000)
 tenured generation   total 141208K, used 113804K [0x00000000eaaa0000, 0x00000000f3486000, 0x0000000100000000)
   the space 141208K,  80% used [0x00000000eaaa0000, 0x00000000f19c3360, 0x00000000f19c3400, 0x00000000f3486000)
 Metaspace       used 56020K, capacity 61448K, committed 61696K, reserved 1101824K
  class space    used 7793K, capacity 8644K, committed 8704K, reserved 1048576K
Event: 2753,272 GC heap after
Heap after GC invocations=78 (full 7):
 def new generation   total 101120K, used 0K [0x00000000e0000000, 0x00000000e6db0000, 0x00000000eaaa0000)
  eden space 89920K,   0% used [0x00000000e0000000, 0x00000000e0000000, 0x00000000e57d0000)
  from space 11200K,   0% used [0x00000000e57d0000, 0x00000000e57d0000, 0x00000000e62c0000)
  to   space 11200K,   0% used [0x00000000e62c0000, 0x00000000e62c0000, 0x00000000e6db0000)
 tenured generation   total 224480K, used 134687K [0x00000000eaaa0000, 0x00000000f85d8000, 0x0000000100000000)
   the space 224480K,  59% used [0x00000000eaaa0000, 0x00000000f2e27f88, 0x00000000f2e28000, 0x00000000f85d8000)
 Metaspace       used 56020K, capacity 61448K, committed 61696K, reserved 1101824K
  class space    used 7793K, capacity 8644K, committed 8704K, reserved 1048576K
}

